0 info it worked if it ends with ok
1 verbose cli [ '/global/home/namnhong/apps/node-v6.3.0-linux-x64/bin/node',
1 verbose cli   '/home/namnhong/apps/node-v6.3.0-linux-x64/bin/npm',
1 verbose cli   'publish' ]
2 info using npm@3.10.3
3 info using node@v6.3.0
4 verbose publish [ '.' ]
5 silly cache add args [ '.', null ]
6 verbose cache add spec .
7 silly cache add parsed spec Result {
7 silly cache add   raw: '.',
7 silly cache add   scope: null,
7 silly cache add   escapedName: null,
7 silly cache add   name: null,
7 silly cache add   rawSpec: '.',
7 silly cache add   spec: '/global/home/namnhong/dnr-daemon',
7 silly cache add   type: 'directory' }
8 verbose addLocalDirectory /home/namnhong/.npm/dnr-daemon/2.0.4/package.tgz not in flight; packing
9 verbose correctMkdir /home/namnhong/.npm correctMkdir not in flight; initializing
10 info lifecycle dnr-daemon@2.0.4~prepublish: dnr-daemon@2.0.4
11 silly lifecycle dnr-daemon@2.0.4~prepublish: no script for prepublish, continuing
12 verbose tar pack [ '/home/namnhong/.npm/dnr-daemon/2.0.4/package.tgz',
12 verbose tar pack   '/global/home/namnhong/dnr-daemon' ]
13 verbose tarball /home/namnhong/.npm/dnr-daemon/2.0.4/package.tgz
14 verbose folder /global/home/namnhong/dnr-daemon
15 verbose addLocalTarball adding from inside cache /home/namnhong/.npm/dnr-daemon/2.0.4/package.tgz
16 verbose correctMkdir /home/namnhong/.npm correctMkdir not in flight; initializing
17 silly cache afterAdd dnr-daemon@2.0.4
18 verbose afterAdd /home/namnhong/.npm/dnr-daemon/2.0.4/package/package.json not in flight; writing
19 verbose correctMkdir /home/namnhong/.npm correctMkdir not in flight; initializing
20 verbose afterAdd /home/namnhong/.npm/dnr-daemon/2.0.4/package/package.json written
21 silly publish { name: 'dnr-daemon',
21 silly publish   version: '2.0.4',
21 silly publish   description: 'dnr service that downloads dnr flows, parse them based on constraints and redeploy to vanilla node-red',
21 silly publish   main: 'build/src/module.js',
21 silly publish   scripts:
21 silly publish    { test: 'grunt test',
21 silly publish      start: 'grunt build && node build/src/index.js',
21 silly publish      build: 'grunt build',
21 silly publish      clean: 'rm -rf node_module; rm -rf build; rm -rf test-report' },
21 silly publish   repository:
21 silly publish    { type: 'git',
21 silly publish      url: 'git+https://github.com/namgk/dnr-daemon.git' },
21 silly publish   keywords: [ 'distributed', 'node-red' ],
21 silly publish   author: { name: 'Nam Giang' },
21 silly publish   license: 'ISC',
21 silly publish   bugs: { url: 'https://github.com/namgk/dnr-daemon/issues' },
21 silly publish   homepage: 'https://github.com/namgk/dnr-daemon#readme',
21 silly publish   dependencies:
21 silly publish    { clone: '^1.0.2',
21 silly publish      request: '^2.78.0',
21 silly publish      'request-promise-native': '^1.0.3' },
21 silly publish   devDependencies:
21 silly publish    { '@types/clone': '^0.1.30',
21 silly publish      '@types/core-js': '^0.9.34',
21 silly publish      '@types/request': '0.0.33',
21 silly publish      '@types/request-promise-native': '^1.0.2',
21 silly publish      '@types/chai': '^3.4.34',
21 silly publish      '@types/mocha': '^2.2.33',
21 silly publish      '@types/node': '^6.0.48',
21 silly publish      chai: '^3.5.0',
21 silly publish      grunt: '^1.0.1',
21 silly publish      'grunt-cli': '^1.2.0',
21 silly publish      'grunt-concurrent': '^2.3.1',
21 silly publish      'grunt-contrib-clean': '^1.0.0',
21 silly publish      'grunt-contrib-jshint': '^0.12.0',
21 silly publish      'grunt-contrib-watch': '^1.0.0',
21 silly publish      'grunt-newer': '^1.2.0',
21 silly publish      'grunt-simple-mocha': '0.4.1',
21 silly publish      'grunt-ts': '^6.0.0-beta.3',
21 silly publish      mocha: '2.3.4',
21 silly publish      mochawesome: '^1.5.3',
21 silly publish      typescript: '^2.0.10',
21 silly publish      typing: '^0.1.9' },
21 silly publish   readme: '# dnr-daemon: Distributed Node-RED (DNR) enabler for Node-RED\nTo be run with vanilla Node-RED on the same machine to add DNR functionalities.\n\nDNR Daemon subscribes to an MQTT topic to be notified whenever new DNR flows are available from master flow editor. It parses the new flows based on flows constraints and redeployed the DNR-parsed flows onto vanilla Node-RED.\n\n# Run instruction\nInstall and run Node-RED: <http://nodered.org/>\n\nModify settings.js to correspond with the Node-RED installation.\n\n$ npm install -g dnr-daemon\n\n$ dnr-daemon\n\nYou might need:\n\n$ sudo npm install -g node-red-contrib-dnr\n\nto install the special DNRNode used in DNR. Node-RED restart is required for new nodes to be registered.\n',
21 silly publish   readmeFilename: 'README.md',
21 silly publish   gitHead: '4523b2076a7093393432b82b4a6ba2fb302a4148',
21 silly publish   _id: 'dnr-daemon@2.0.4',
21 silly publish   _shasum: '8de757e5a791673720985bad2fbdcff113724cb1',
21 silly publish   _from: '.' }
22 verbose getPublishConfig undefined
23 silly mapToRegistry name dnr-daemon
24 silly mapToRegistry using default registry
25 silly mapToRegistry registry https://registry.npmjs.org/
26 silly mapToRegistry data Result {
26 silly mapToRegistry   raw: 'dnr-daemon',
26 silly mapToRegistry   scope: null,
26 silly mapToRegistry   escapedName: 'dnr-daemon',
26 silly mapToRegistry   name: 'dnr-daemon',
26 silly mapToRegistry   rawSpec: '',
26 silly mapToRegistry   spec: 'latest',
26 silly mapToRegistry   type: 'tag' }
27 silly mapToRegistry uri https://registry.npmjs.org/dnr-daemon
28 verbose publish registryBase https://registry.npmjs.org/
29 silly publish uploading /home/namnhong/.npm/dnr-daemon/2.0.4/package.tgz
30 verbose request uri https://registry.npmjs.org/dnr-daemon
31 verbose request sending authorization for write operation
32 info attempt registry request try #1 at 7:54:20 PM
33 verbose request using bearer token for auth
34 verbose request id b662d34e0613d0b8
35 http request PUT https://registry.npmjs.org/dnr-daemon
36 http 403 https://registry.npmjs.org/dnr-daemon
37 verbose headers { 'content-type': 'application/json',
37 verbose headers   'cache-control': 'max-age=300',
37 verbose headers   'content-length': '95',
37 verbose headers   'accept-ranges': 'bytes',
37 verbose headers   date: 'Sun, 29 Jan 2017 03:54:20 GMT',
37 verbose headers   via: '1.1 varnish',
37 verbose headers   connection: 'keep-alive',
37 verbose headers   'x-served-by': 'cache-sea1921-SEA',
37 verbose headers   'x-cache': 'MISS',
37 verbose headers   'x-cache-hits': '0',
37 verbose headers   'x-timer': 'S1485662060.359476,VS0,VE184',
37 verbose headers   vary: 'Accept-Encoding' }
38 verbose request invalidating /home/namnhong/.npm/registry.npmjs.org/dnr-daemon on PUT
39 error publish Failed PUT 403
40 verbose stack Error: "You cannot publish over the previously published version 2.0.4." : dnr-daemon
40 verbose stack     at makeError (/global/home/namnhong/apps/node-v6.3.0-linux-x64/lib/node_modules/npm/node_modules/npm-registry-client/lib/request.js:264:12)
40 verbose stack     at CachingRegistryClient.<anonymous> (/global/home/namnhong/apps/node-v6.3.0-linux-x64/lib/node_modules/npm/node_modules/npm-registry-client/lib/request.js:252:14)
40 verbose stack     at Request._callback (/global/home/namnhong/apps/node-v6.3.0-linux-x64/lib/node_modules/npm/node_modules/npm-registry-client/lib/request.js:172:14)
40 verbose stack     at Request.self.callback (/global/home/namnhong/apps/node-v6.3.0-linux-x64/lib/node_modules/npm/node_modules/request/request.js:200:22)
40 verbose stack     at emitTwo (events.js:106:13)
40 verbose stack     at Request.emit (events.js:191:7)
40 verbose stack     at Request.<anonymous> (/global/home/namnhong/apps/node-v6.3.0-linux-x64/lib/node_modules/npm/node_modules/request/request.js:1067:10)
40 verbose stack     at emitOne (events.js:101:20)
40 verbose stack     at Request.emit (events.js:188:7)
40 verbose stack     at IncomingMessage.<anonymous> (/global/home/namnhong/apps/node-v6.3.0-linux-x64/lib/node_modules/npm/node_modules/request/request.js:988:12)
41 verbose statusCode 403
42 verbose pkgid dnr-daemon
43 verbose cwd /global/home/namnhong/dnr-daemon
44 error Linux 2.6.32-358.18.1.el6.x86_64
45 error argv "/global/home/namnhong/apps/node-v6.3.0-linux-x64/bin/node" "/home/namnhong/apps/node-v6.3.0-linux-x64/bin/npm" "publish"
46 error node v6.3.0
47 error npm  v3.10.3
48 error code E403
49 error "You cannot publish over the previously published version 2.0.4." : dnr-daemon
50 error If you need help, you may report this error at:
50 error     <https://github.com/npm/npm/issues>
51 verbose exit [ 1, true ]
